This is pdfTeX, Version 3.14159265-2.6-1.40.17 (TeX Live 2016/Debian) (preloaded format=pdflatex 2016.11.27)  27 NOV 2016 14:51
entering extended mode
 restricted \write18 enabled.
 %&-line parsing enabled.
**synthese_DO.tex
(./synthese_DO.tex
LaTeX2e <2016/03/31> patch level 3
Babel <3.9r> and hyphenation patterns for 5 language(s) loaded.
(/usr/share/texlive/texmf-dist/tex/latex/base/article.cls
Document Class: article 2014/09/29 v1.4h Standard LaTeX document class
(/usr/share/texlive/texmf-dist/tex/latex/base/size10.clo
File: size10.clo 2014/09/29 v1.4h Standard LaTeX file (size option)
)
\c@part=\count79
\c@section=\count80
\c@subsection=\count81
\c@subsubsection=\count82
\c@paragraph=\count83
\c@subparagraph=\count84
\c@figure=\count85
\c@table=\count86
\abovecaptionskip=\skip41
\belowcaptionskip=\skip42
\bibindent=\dimen102
)
(/usr/share/texlive/texmf-dist/tex/latex/base/inputenc.sty
Package: inputenc 2015/03/17 v1.2c Input encoding file
\inpenc@prehook=\toks14
\inpenc@posthook=\toks15

(/usr/share/texlive/texmf-dist/tex/latex/base/latin1.def
File: latin1.def 2015/03/17 v1.2c Input encoding file
))
(/usr/share/texlive/texmf-dist/tex/generic/babel/babel.sty
Package: babel 2016/04/23 3.9r The Babel package

(/usr/share/texlive/texmf-dist/tex/generic/babel-french/frenchb.ldf
Language: frenchb 2016/05/14 v3.2c French support from the babel system

(/usr/share/texlive/texmf-dist/tex/generic/babel/babel.def
File: babel.def 2016/04/23 3.9r Babel common definitions
\babel@savecnt=\count87
\U@D=\dimen103
)
\l@acadian = a dialect from \language\l@french 
\l@canadien = a dialect from \language\l@french 
\FB@nonchar=\count88
\FBcolonskip=\skip43
\FBthinskip=\skip44
Package babel Info: Making : an active character on input line 365.
Package babel Info: Making ; an active character on input line 366.
Package babel Info: Making ! an active character on input line 367.
Package babel Info: Making ? an active character on input line 368.
\FBguillskip=\skip45
\FBguill@level=\count89
\FB@everypar=\toks16
\FB@Mht=\dimen104
\std@mcc=\count90
\dec@mcc=\count91
\listindentFB=\skip46
\labelwidthFB=\skip47
\leftmarginFB=\skip48
\parindentFFN=\dimen105
\FBfnindent=\skip49
))
(/usr/share/texlive/texmf-dist/tex/latex/carlisle/scalefnt.sty)
(/usr/share/texlive/texmf-dist/tex/latex/graphics/keyval.sty
Package: keyval 2014/10/28 v1.15 key=value parser (DPC)
\KV@toks@=\toks17
)
(/usr/share/texlive/texmf-dist/tex/latex/graphics/graphicx.sty
Package: graphicx 2014/10/28 v1.0g Enhanced LaTeX Graphics (DPC,SPQR)

(/usr/share/texlive/texmf-dist/tex/latex/graphics/graphics.sty
Package: graphics 2016/07/10 v1.0t Standard LaTeX Graphics (DPC,SPQR)

(/usr/share/texlive/texmf-dist/tex/latex/graphics/trig.sty
Package: trig 2016/01/03 v1.10 sin cos tan (DPC)
)
(/usr/share/texlive/texmf-dist/tex/latex/graphics-cfg/graphics.cfg
File: graphics.cfg 2016/06/04 v1.11 sample graphics configuration
)
Package graphics Info: Driver file: pdftex.def on input line 99.

(/usr/share/texlive/texmf-dist/tex/latex/graphics-def/pdftex.def
File: pdftex.def 2016/07/10 v0.06j Graphics/color for pdfTeX

(/usr/share/texlive/texmf-dist/tex/generic/oberdiek/infwarerr.sty
Package: infwarerr 2016/05/16 v1.4 Providing info/warning/error messages (HO)
)
(/usr/share/texlive/texmf-dist/tex/generic/oberdiek/ltxcmds.sty
Package: ltxcmds 2016/05/16 v1.23 LaTeX kernel commands for general use (HO)
)
\Gread@gobject=\count92
))
\Gin@req@height=\dimen106
\Gin@req@width=\dimen107
)
(/usr/share/texlive/texmf-dist/tex/latex/version/version.sty
Package: version 2009/09/15  v 2.0
Package version Info: Excluding comment environments declared on input line 115
.
)
(/usr/share/texlive/texmf-dist/tex/latex/listings/listings.sty
\lst@mode=\count93
\lst@gtempboxa=\box26
\lst@token=\toks18
\lst@length=\count94
\lst@currlwidth=\dimen108
\lst@column=\count95
\lst@pos=\count96
\lst@lostspace=\dimen109
\lst@width=\dimen110
\lst@newlines=\count97
\lst@lineno=\count98
\lst@maxwidth=\dimen111

(/usr/share/texlive/texmf-dist/tex/latex/listings/lstmisc.sty
File: lstmisc.sty 2015/06/04 1.6 (Carsten Heinz)
\c@lstnumber=\count99
\lst@skipnumbers=\count100
\lst@framebox=\box27
)
(/usr/share/texlive/texmf-dist/tex/latex/listings/listings.cfg
File: listings.cfg 2015/06/04 1.6 listings configuration
))
Package: listings 2015/06/04 1.6 (Carsten Heinz)

(/usr/share/texlive/texmf-dist/tex/latex/graphics/color.sty
Package: color 2016/07/10 v1.1e Standard LaTeX Color (DPC)

(/usr/share/texlive/texmf-dist/tex/latex/graphics-cfg/color.cfg
File: color.cfg 2016/01/02 v1.6 sample color configuration
)
Package color Info: Driver file: pdftex.def on input line 147.
)
(/usr/share/texlive/texmf-dist/tex/latex/amsmath/amsmath.sty
Package: amsmath 2016/06/28 v2.15d AMS math features
\@mathmargin=\skip50

For additional information on amsmath, use the `?' option.
(/usr/share/texlive/texmf-dist/tex/latex/amsmath/amstext.sty
Package: amstext 2000/06/29 v2.01 AMS text

(/usr/share/texlive/texmf-dist/tex/latex/amsmath/amsgen.sty
File: amsgen.sty 1999/11/30 v2.0 generic functions
\@emptytoks=\toks19
\ex@=\dimen112
))
(/usr/share/texlive/texmf-dist/tex/latex/amsmath/amsbsy.sty
Package: amsbsy 1999/11/29 v1.2d Bold Symbols
\pmbraise@=\dimen113
)
(/usr/share/texlive/texmf-dist/tex/latex/amsmath/amsopn.sty
Package: amsopn 2016/03/08 v2.02 operator names
)
\inf@bad=\count101
LaTeX Info: Redefining \frac on input line 199.
\uproot@=\count102
\leftroot@=\count103
LaTeX Info: Redefining \overline on input line 297.
\classnum@=\count104
\DOTSCASE@=\count105
LaTeX Info: Redefining \ldots on input line 394.
LaTeX Info: Redefining \dots on input line 397.
LaTeX Info: Redefining \cdots on input line 518.
\Mathstrutbox@=\box28
\strutbox@=\box29
\big@size=\dimen114
LaTeX Font Info:    Redeclaring font encoding OML on input line 634.
LaTeX Font Info:    Redeclaring font encoding OMS on input line 635.
\macc@depth=\count106
\c@MaxMatrixCols=\count107
\dotsspace@=\muskip10
\c@parentequation=\count108
\dspbrk@lvl=\count109
\tag@help=\toks20
\row@=\count110
\column@=\count111
\maxfields@=\count112
\andhelp@=\toks21
\eqnshift@=\dimen115
\alignsep@=\dimen116
\tagshift@=\dimen117
\tagwidth@=\dimen118
\totwidth@=\dimen119
\lineht@=\dimen120
\@envbody=\toks22
\multlinegap=\skip51
\multlinetaggap=\skip52
\mathdisplay@stack=\toks23
LaTeX Info: Redefining \[ on input line 2739.
LaTeX Info: Redefining \] on input line 2740.
)
(/usr/share/texlive/texmf-dist/tex/latex/amsfonts/amssymb.sty
Package: amssymb 2013/01/14 v3.01 AMS font symbols

(/usr/share/texlive/texmf-dist/tex/latex/amsfonts/amsfonts.sty
Package: amsfonts 2013/01/14 v3.01 Basic AMSFonts support
\symAMSa=\mathgroup4
\symAMSb=\mathgroup5
LaTeX Font Info:    Overwriting math alphabet `\mathfrak' in version `bold'
(Font)                  U/euf/m/n --> U/euf/b/n on input line 106.
))
(/usr/share/texlive/texmf-dist/tex/latex/tools/array.sty
Package: array 2014/10/28 v2.4c Tabular extension package (FMi)
\col@sep=\dimen121
\extrarowheight=\dimen122
\NC@list=\toks24
\extratabsurround=\skip53
\backup@length=\skip54
)
(/usr/share/texlive/texmf-dist/tex/latex/multirow/multirow.sty
\bigstrutjot=\dimen123
)
(/usr/share/texlive/texmf-dist/tex/latex/makecell/makecell.sty
Package: makecell 2009/08/03 V0.1e Managing of Tab Column Heads and Cells
\rotheadsize=\dimen124
\c@nlinenum=\count113
\TeXr@lab=\toks25
)
(/usr/share/texlive/texmf-dist/tex/latex/url/url.sty
\Urlmuskip=\muskip11
Package: url 2013/09/16  ver 3.4  Verb mode for urls, etc.
)
(/usr/share/texlive/texmf-dist/tex/latex/hyperref/hyperref.sty
Package: hyperref 2016/06/24 v6.83q Hypertext links for LaTeX

(/usr/share/texlive/texmf-dist/tex/generic/oberdiek/hobsub-hyperref.sty
Package: hobsub-hyperref 2016/05/16 v1.14 Bundle oberdiek, subset hyperref (HO)


(/usr/share/texlive/texmf-dist/tex/generic/oberdiek/hobsub-generic.sty
Package: hobsub-generic 2016/05/16 v1.14 Bundle oberdiek, subset generic (HO)
Package: hobsub 2016/05/16 v1.14 Construct package bundles (HO)
Package hobsub Info: Skipping package `infwarerr' (already loaded).
Package hobsub Info: Skipping package `ltxcmds' (already loaded).
Package: ifluatex 2016/05/16 v1.4 Provides the ifluatex switch (HO)
Package ifluatex Info: LuaTeX not detected.
Package: ifvtex 2016/05/16 v1.6 Detect VTeX and its facilities (HO)
Package ifvtex Info: VTeX not detected.
Package: intcalc 2016/05/16 v1.2 Expandable calculations with integers (HO)
Package: ifpdf 2016/05/14 v3.1 Provides the ifpdf switch
Package: etexcmds 2016/05/16 v1.6 Avoid name clashes with e-TeX commands (HO)
Package etexcmds Info: Could not find \expanded.
(etexcmds)             That can mean that you are not using pdfTeX 1.50 or
(etexcmds)             that some package has redefined \expanded.
(etexcmds)             In the latter case, load this package earlier.
Package: kvsetkeys 2016/05/16 v1.17 Key value parser (HO)
Package: kvdefinekeys 2016/05/16 v1.4 Define keys (HO)
Package: pdftexcmds 2016/05/21 v0.22 Utility functions of pdfTeX for LuaTeX (HO
)
Package pdftexcmds Info: LuaTeX not detected.
Package pdftexcmds Info: \pdf@primitive is available.
Package pdftexcmds Info: \pdf@ifprimitive is available.
Package pdftexcmds Info: \pdfdraftmode found.
Package: pdfescape 2016/05/16 v1.14 Implements pdfTeX's escape features (HO)
Package: bigintcalc 2016/05/16 v1.4 Expandable calculations on big integers (HO
)
Package: bitset 2016/05/16 v1.2 Handle bit-vector datatype (HO)
Package: uniquecounter 2016/05/16 v1.3 Provide unlimited unique counter (HO)
)
Package hobsub Info: Skipping package `hobsub' (already loaded).
Package: letltxmacro 2016/05/16 v1.5 Let assignment for LaTeX macros (HO)
Package: hopatch 2016/05/16 v1.3 Wrapper for package hooks (HO)
Package: xcolor-patch 2016/05/16 xcolor patch
Package: atveryend 2016/05/16 v1.9 Hooks at the very end of document (HO)
Package atveryend Info: \enddocument detected (standard20110627).
Package: atbegshi 2016/06/09 v1.18 At begin shipout hook (HO)
Package: refcount 2016/05/16 v3.5 Data extraction from label references (HO)
Package: hycolor 2016/05/16 v1.8 Color options for hyperref/bookmark (HO)
)
(/usr/share/texlive/texmf-dist/tex/generic/ifxetex/ifxetex.sty
Package: ifxetex 2010/09/12 v0.6 Provides ifxetex conditional
)
(/usr/share/texlive/texmf-dist/tex/latex/oberdiek/auxhook.sty
Package: auxhook 2016/05/16 v1.4 Hooks for auxiliary files (HO)
)
(/usr/share/texlive/texmf-dist/tex/latex/oberdiek/kvoptions.sty
Package: kvoptions 2016/05/16 v3.12 Key value format for package options (HO)
)
\@linkdim=\dimen125
\Hy@linkcounter=\count114
\Hy@pagecounter=\count115

(/usr/share/texlive/texmf-dist/tex/latex/hyperref/pd1enc.def
File: pd1enc.def 2016/06/24 v6.83q Hyperref: PDFDocEncoding definition (HO)
)
\Hy@SavedSpaceFactor=\count116

(/usr/share/texlive/texmf-dist/tex/latex/latexconfig/hyperref.cfg
File: hyperref.cfg 2002/06/06 v1.2 hyperref configuration of TeXLive
)
Package hyperref Info: Hyper figures OFF on input line 4486.
Package hyperref Info: Link nesting OFF on input line 4491.
Package hyperref Info: Hyper index ON on input line 4494.
Package hyperref Info: Plain pages OFF on input line 4501.
Package hyperref Info: Backreferencing OFF on input line 4506.
Package hyperref Info: Implicit mode ON; LaTeX internals redefined.
Package hyperref Info: Bookmarks ON on input line 4735.
\c@Hy@tempcnt=\count117
LaTeX Info: Redefining \url on input line 5088.
\XeTeXLinkMargin=\dimen126
\Fld@menulength=\count118
\Field@Width=\dimen127
\Fld@charsize=\dimen128
Package hyperref Info: Hyper figures OFF on input line 6342.
Package hyperref Info: Link nesting OFF on input line 6347.
Package hyperref Info: Hyper index ON on input line 6350.
Package hyperref Info: backreferencing OFF on input line 6357.
Package hyperref Info: Link coloring OFF on input line 6362.
Package hyperref Info: Link coloring with OCG OFF on input line 6367.
Package hyperref Info: PDF/A mode OFF on input line 6372.
LaTeX Info: Redefining \ref on input line 6412.
LaTeX Info: Redefining \pageref on input line 6416.
\Hy@abspage=\count119
\c@Item=\count120
\c@Hfootnote=\count121
)

Package hyperref Message: Driver (autodetected): hpdftex.

(/usr/share/texlive/texmf-dist/tex/latex/hyperref/hpdftex.def
File: hpdftex.def 2016/06/24 v6.83q Hyperref driver for pdfTeX
\Fld@listcount=\count122
\c@bookmark@seq@number=\count123

(/usr/share/texlive/texmf-dist/tex/latex/oberdiek/rerunfilecheck.sty
Package: rerunfilecheck 2016/05/16 v1.8 Rerun checks for auxiliary files (HO)
Package uniquecounter Info: New unique counter `rerunfilecheck' on input line 2
82.
)
\Hy@SectionHShift=\skip55
)
\length=\skip56

(./synthese_DO.aux)
\openout1 = `synthese_DO.aux'.

LaTeX Font Info:    Checking defaults for OML/cmm/m/it on input line 107.
LaTeX Font Info:    ... okay on input line 107.
LaTeX Font Info:    Checking defaults for T1/cmr/m/n on input line 107.
LaTeX Font Info:    ... okay on input line 107.
LaTeX Font Info:    Checking defaults for OT1/cmr/m/n on input line 107.
LaTeX Font Info:    ... okay on input line 107.
LaTeX Font Info:    Checking defaults for OMS/cmsy/m/n on input line 107.
LaTeX Font Info:    ... okay on input line 107.
LaTeX Font Info:    Checking defaults for OMX/cmex/m/n on input line 107.
LaTeX Font Info:    ... okay on input line 107.
LaTeX Font Info:    Checking defaults for U/cmr/m/n on input line 107.
LaTeX Font Info:    ... okay on input line 107.
LaTeX Font Info:    Checking defaults for PD1/pdf/m/n on input line 107.
LaTeX Font Info:    ... okay on input line 107.
LaTeX Info: Redefining \degres on input line 107.
LaTeX Info: Redefining \dots on input line 107.
LaTeX Info: Redefining \up on input line 107.


Package frenchb.ldf Warning: OT1 encoding should not be used for French.
(frenchb.ldf)                Add \usepackage[T1]{fontenc} to the preamble
(frenchb.ldf)                of your document, on input line 107.

(/usr/share/texlive/texmf-dist/tex/context/base/mkii/supp-pdf.mkii
[Loading MPS to PDF converter (version 2006.09.02).]
\scratchcounter=\count124
\scratchdimen=\dimen129
\scratchbox=\box30
\nofMPsegments=\count125
\nofMParguments=\count126
\everyMPshowfont=\toks26
\MPscratchCnt=\count127
\MPscratchDim=\dimen130
\MPnumerator=\count128
\makeMPintoPDFobject=\count129
\everyMPtoPDFconversion=\toks27
) (/usr/share/texlive/texmf-dist/tex/latex/oberdiek/epstopdf-base.sty
Package: epstopdf-base 2016/05/15 v2.6 Base part for package epstopdf

(/usr/share/texlive/texmf-dist/tex/latex/oberdiek/grfext.sty
Package: grfext 2016/05/16 v1.2 Manage graphics extensions (HO)
)
Package epstopdf-base Info: Redefining graphics rule for `.eps' on input line 4
38.
Package grfext Info: Graphics extension search list:
(grfext)             [.png,.pdf,.jpg,.mps,.jpeg,.jbig2,.jb2,.PNG,.PDF,.JPG,.JPE
G,.JBIG2,.JB2,.eps]
(grfext)             \AppendGraphicsExtensions on input line 456.

(/usr/share/texlive/texmf-dist/tex/latex/latexconfig/epstopdf-sys.cfg
File: epstopdf-sys.cfg 2010/07/13 v1.3 Configuration of (r)epstopdf for TeX Liv
e
))
\c@lstlisting=\count130
\AtBeginShipoutBox=\box31
Package hyperref Info: Link coloring OFF on input line 107.

(/usr/share/texlive/texmf-dist/tex/latex/hyperref/nameref.sty
Package: nameref 2016/05/21 v2.44 Cross-referencing by name of section

(/usr/share/texlive/texmf-dist/tex/generic/oberdiek/gettitlestring.sty
Package: gettitlestring 2016/05/16 v1.5 Cleanup title references (HO)
)
\c@section@level=\count131
)
LaTeX Info: Redefining \ref on input line 107.
LaTeX Info: Redefining \pageref on input line 107.
LaTeX Info: Redefining \nameref on input line 107.

(./synthese_DO.out) (./synthese_DO.out)
\@outlinefile=\write3
\openout3 = `synthese_DO.out'.

 (./page_de_garde.tex
LaTeX Font Info:    Try loading font information for U+msa on input line 37.

(/usr/share/texlive/texmf-dist/tex/latex/amsfonts/umsa.fd
File: umsa.fd 2013/01/14 v3.01 AMS symbols A
)
LaTeX Font Info:    Try loading font information for U+msb on input line 37.

(/usr/share/texlive/texmf-dist/tex/latex/amsfonts/umsb.fd
File: umsb.fd 2013/01/14 v3.01 AMS symbols B
) [1

{/var/lib/texmf/fonts/map/pdftex/updmap/pdftex.map}]) (./synthese_DO.toc

LaTeX Font Warning: Font shape `OT1/cmr/m/n' in size <6.49994> not available
(Font)              size <6> substituted on input line 6.


Overfull \hbox (0.45346pt too wide) in paragraph at lines 26--26
 [] [][]\OT1/cmr/bx/n/10 Repr^^Sesentation des in-for-ma-tions : repr^^Sesentat
ion des ca-ract^^Reres[] []  
 []

pdfTeX warning (ext4): destination with the same identifier (name{page.1}) has 
been already used, duplicate ignored
<to be read again> 
                   \relax 
l.44 ...e {4.2.1}MINTERM}{18}{subsubsection.4.2.1}
                                                   [1] [2] [3])
\tf@toc=\write4
\openout4 = `synthese_DO.toc'.

 [4]
Underfull \hbox (badness 10000) in paragraph at lines 142--143

 []


Underfull \hbox (badness 10000) in paragraph at lines 161--162

 []


Overfull \hbox (17.25055pt too wide) in paragraph at lines 173--174
[]\OT1/cmr/m/n/10 Calculatrice m^^Secanique de table, ma-chines ana-lo-giques (
M^^Secanique ET ^^Selectricit^^Se
 []


Underfull \hbox (badness 10000) in paragraph at lines 173--174

 []

[5]
Underfull \hbox (badness 10000) in paragraph at lines 219--220

 []


Underfull \hbox (badness 10000) in paragraph at lines 219--220

 []

[6]
Overfull \hbox (51.36322pt too wide) in paragraph at lines 237--238
[]\OT1/cmr/bx/n/10 Les cir-cuits int^^Segr^^Ses de haut ni-veau (mi-nia-tu-ri-s
a-tion des transistors)(1970-
 []

[7]
Overfull \hbox (18.1317pt too wide) in paragraph at lines 248--248
[]\OT1/cmr/bx/n/14.4 Repr^^Sesentation des in-for-ma-tions : repr^^Sesentation
 []

[8

] [9]

LaTeX Font Warning: Font shape `OT1/cmr/m/it' in size <6.49994> not available
(Font)              size <6> substituted on input line 398.

[10

]
Overfull \hbox (4.11714pt too wide) in paragraph at lines 428--433
[][] \OT1/cmr/m/n/10 = 001101[]$ (on ajoute des "0" pour ar-ri-ver ^^Ra 23) $\O
MS/cmsy/m/n/10 ! \OT1/cmr/m/n/10 00000011110000000000000[]$ 
 []

[11]
Overfull \hbox (8.36111pt too wide) in paragraph at lines 472--473
[]\OT1/cmr/bx/n/10 Le big en-dian \OT1/cmr/m/n/10 : Oc-tets de [] poids fort []
en pre-mier (exemple : 0xA0B70708
 []


Overfull \hbox (18.1317pt too wide) in paragraph at lines 476--476
[]\OT1/cmr/bx/n/14.4 Repr^^Sesentation des in-for-ma-tions : repr^^Sesentation
 []


Underfull \hbox (badness 10000) in paragraph at lines 480--480
[][][]\OT1/cmr/m/n/8 .[][][]$\OT1/cmtt/m/n/8 https : / / fr . wikipedia . org /
 wiki / American _ Standard _ Code _ for _ Information _
 []

[12] <./figures/not1.jpg, id=913, 144.54pt x 54.2025pt>
File: ./figures/not1.jpg Graphic file (type jpg)

<use ./figures/not1.jpg>
Package pdftex.def Info: ./figures/not1.jpg used on input line 542.
(pdftex.def)             Requested size: 85.35724pt x 28.45259pt.
 <./figures/not2.jpg, id=915, 147.55125pt x 64.24pt>
File: ./figures/not2.jpg Graphic file (type jpg)

<use ./figures/not2.jpg>
Package pdftex.def Info: ./figures/not2.jpg used on input line 543.
(pdftex.def)             Requested size: 85.35913pt x 28.4529pt.
 <./figures/or1.jpg, id=916, 126.4725pt x 51.19125pt>
File: ./figures/or1.jpg Graphic file (type jpg)

<use ./figures/or1.jpg>
Package pdftex.def Info: ./figures/or1.jpg used on input line 573.
(pdftex.def)             Requested size: 85.35945pt x 28.45364pt.
 <./figures/or2.jpg, id=917, 127.47626pt x 60.225pt>
File: ./figures/or2.jpg Graphic file (type jpg)

<use ./figures/or2.jpg>
Package pdftex.def Info: ./figures/or2.jpg used on input line 574.
(pdftex.def)             Requested size: 85.36195pt x 28.45277pt.
 [13

 <./figures/not1.jpg> <./figures/not2.jpg>]
<./figures/and1.jpg, id=924, 132.495pt x 49.18375pt>
File: ./figures/and1.jpg Graphic file (type jpg)
 <use ./figures/and1.jpg>
Package pdftex.def Info: ./figures/and1.jpg used on input line 604.
(pdftex.def)             Requested size: 85.35854pt x 28.45227pt.

<./figures/and2.jpg, id=925, 127.47626pt x 54.2025pt>
File: ./figures/and2.jpg Graphic file (type jpg)
 <use ./figures/and2.jpg>
Package pdftex.def Info: ./figures/and2.jpg used on input line 605.
(pdftex.def)             Requested size: 85.36195pt x 28.45259pt.

<./figures/proprietesAlgLogique.jpg, id=926, 444.66125pt x 202.7575pt>
File: ./figures/proprietesAlgLogique.jpg Graphic file (type jpg)

<use ./figures/proprietesAlgLogique.jpg>
Package pdftex.def Info: ./figures/proprietesAlgLogique.jpg used on input line 
614.
(pdftex.def)             Requested size: 256.07175pt x 142.26651pt.


LaTeX Warning: `!h' float specifier changed to `!ht'.

<./figures/xor1.jpg, id=927, 135.50626pt x 58.2175pt>
File: ./figures/xor1.jpg Graphic file (type jpg)
 <use ./figures/xor1.jpg>
Package pdftex.def Info: ./figures/xor1.jpg used on input line 646.
(pdftex.def)             Requested size: 85.3611pt x 28.4522pt.

<./figures/xor2.jpg, id=928, 131.49126pt x 59.22125pt>
File: ./figures/xor2.jpg Graphic file (type jpg)

<use ./figures/xor2.jpg>
Package pdftex.def Info: ./figures/xor2.jpg used on input line 647.
(pdftex.def)             Requested size: 85.36195pt x 28.45207pt.
 [14 <./figures/or1.jpg> <./figures/or2.jpg> <./figures/and1.jpg> <./figures/an
d2.jpg> <./figures/proprietesAlgLogique.jpg>]
<./figures/proprietesDuOuEx.jpg, id=939, 247.92625pt x 237.88875pt>
File: ./figures/proprietesDuOuEx.jpg Graphic file (type jpg)

<use ./figures/proprietesDuOuEx.jpg>
Package pdftex.def Info: ./figures/proprietesDuOuEx.jpg used on input line 654.

(pdftex.def)             Requested size: 142.26518pt x 96.74007pt.

<./figures/nonOu.jpg, id=940, 265.99374pt x 100.375pt>
File: ./figures/nonOu.jpg Graphic file (type jpg)

<use ./figures/nonOu.jpg>
Package pdftex.def Info: ./figures/nonOu.jpg used on input line 684.
(pdftex.def)             Requested size: 199.17416pt x 36.9896pt.


LaTeX Warning: `!h' float specifier changed to `!ht'.

<./figures/nonEt.jpg, id=941, 260.975pt x 98.3675pt>
File: ./figures/nonEt.jpg Graphic file (type jpg)
 <use ./figures/nonEt.jpg>
Package pdftex.def Info: ./figures/nonEt.jpg used on input line 714.
(pdftex.def)             Requested size: 199.17134pt x 36.98827pt.

[15 <./figures/xor1.jpg> <./figures/xor2.jpg> <./figures/proprietesDuOuEx.jpg> 
<./figures/nonOu.jpg>]
<./figures/nonOuEx.jpg, id=952, 261.97874pt x 98.3675pt>
File: ./figures/nonOuEx.jpg Graphic file (type jpg)

<use ./figures/nonOuEx.jpg>
Package pdftex.def Info: ./figures/nonOuEx.jpg used on input line 745.
(pdftex.def)             Requested size: 199.17387pt x 36.98827pt.

Underfull \hbox (badness 10000) in paragraph at lines 749--751

 []

<./figures/EXNOR.jpg, id=953, 455.7025pt x 192.72pt>
File: ./figures/EXNOR.jpg Graphic file (type jpg)
 <use ./figures/EXNOR.jpg>
Package pdftex.def Info: ./figures/EXNOR.jpg used on input line 753.
(pdftex.def)             Requested size: 199.17465pt x 71.13177pt.

[16 <./figures/nonEt.jpg> <./figures/nonOuEx.jpg> <./figures/EXNOR.jpg>]
<./figures/schemaTrans.jpg, id=961, 85.31876pt x 86.3225pt>
File: ./figures/schemaTrans.jpg Graphic file (type jpg)

<use ./figures/schemaTrans.jpg>
Package pdftex.def Info: ./figures/schemaTrans.jpg used on input line 775.
(pdftex.def)             Requested size: 71.13608pt x 71.13261pt.

<./figures/schemaTransNand.jpg, id=962, 156.585pt x 263.98625pt>
File: ./figures/schemaTransNand.jpg Graphic file (type jpg)

<use ./figures/schemaTransNand.jpg>
Package pdftex.def Info: ./figures/schemaTransNand.jpg used on input line 791.
(pdftex.def)             Requested size: 142.26797pt x 113.80995pt.

<./figures/schemaTransNor.jpg, id=963, 245.91875pt x 252.945pt>
File: ./figures/schemaTransNor.jpg Graphic file (type jpg)

<use ./figures/schemaTransNor.jpg>
Package pdftex.def Info: ./figures/schemaTransNor.jpg used on input line 791.
(pdftex.def)             Requested size: 142.26898pt x 113.8126pt.
 [17

 <./figures/schemaTrans.jpg> <./figures/schemaTransNand.jpg> <./figures/schemaT
ransNor.jpg>]
<./figures/schemaPLmajMINTERM.jpg, id=971, 425.59pt x 468.75125pt>
File: ./figures/schemaPLmajMINTERM.jpg Graphic file (type jpg)

<use ./figures/schemaPLmajMINTERM.jpg>
Package pdftex.def Info: ./figures/schemaPLmajMINTERM.jpg used on input line 84
3.
(pdftex.def)             Requested size: 142.26343pt x 142.25723pt.
 [18

 <./figures/schemaPLmajMINTERM.jpg>]
Underfull \hbox (badness 10000) in paragraph at lines 907--908

 []

[19] <./figures/solutionMinimaleS.jpg, id=989, 283.0575pt x 124.465pt>
File: ./figures/solutionMinimaleS.jpg Graphic file (type jpg)

<use ./figures/solutionMinimaleS.jpg>
Package pdftex.def Info: ./figures/solutionMinimaleS.jpg used on input line 924
.
(pdftex.def)             Requested size: 142.26695pt x 56.90704pt.

Underfull \hbox (badness 10000) in paragraph at lines 948--948
[][][]\OT1/cmr/m/n/8 .[][][]$\OT1/cmtt/m/n/8 http : / / robert . cireddu . free
 . fr / Ressources / AII / Cours % 20sur % 20les % 20tableaux %
 []


Underfull \hbox (badness 10000) in paragraph at lines 948--949

 []


Underfull \hbox (badness 10000) in paragraph at lines 951--952

 []

[20 <./figures/solutionMinimaleS.jpg>]
<./figures/tableKarnaugh.jpg, id=1003, 603.25375pt x 436.63126pt>
File: ./figures/tableKarnaugh.jpg Graphic file (type jpg)

<use ./figures/tableKarnaugh.jpg>
Package pdftex.def Info: ./figures/tableKarnaugh.jpg used on input line 960.
(pdftex.def)             Requested size: 142.2617pt x 85.35262pt.


LaTeX Font Warning: Font shape `OT1/cmr/bx/n' in size <6.49994> not available
(Font)              size <6> substituted on input line 967.


Underfull \hbox (badness 10000) in paragraph at lines 968--969

 []

<./figures/addSimple.jpg, id=1004, 305.14pt x 183.68625pt>
File: ./figures/addSimple.jpg Graphic file (type jpg)

<use ./figures/addSimple.jpg>
Package pdftex.def Info: ./figures/addSimple.jpg used on input line 990.
(pdftex.def)             Requested size: 113.8126pt x 35.99945pt.
 [21 <./figures/tableKarnaugh.jpg> <./figures/addSimple.jpg>]
Overfull \hbox (27.96487pt too wide) in paragraph at lines 1009--1010
[]\OT1/cmr/m/n/10 est un cir-cuit qui n^^Secessite une entr^^See suppl^^Sementa
ire
 []

<./figures/tabKarADDSorieReport.jpg, id=1016, 474.77374pt x 188.705pt>
File: ./figures/tabKarADDSorieReport.jpg Graphic file (type jpg)

<use ./figures/tabKarADDSorieReport.jpg>
Package pdftex.def Info: ./figures/tabKarADDSorieReport.jpg used on input line 
1018.
(pdftex.def)             Requested size: 170.71556pt x 71.12987pt.

<./figures/tabKarADDSortieSomme.jpg, id=1017, 515.9275pt x 173.64874pt>
File: ./figures/tabKarADDSortieSomme.jpg Graphic file (type jpg)

<use ./figures/tabKarADDSortieSomme.jpg>
Package pdftex.def Info: ./figures/tabKarADDSortieSomme.jpg used on input line 
1018.
(pdftex.def)             Requested size: 170.7132pt x 71.13284pt.

Overfull \hbox (21.62874pt too wide) in paragraph at lines 1014--1021
 [] 
 []


Underfull \hbox (badness 10000) in paragraph at lines 1054--1054
[][][]\OT1/cmr/m/n/8 .[][][]$\OT1/cmtt/m/n/8 http : / / tic01 . tic . ec-[]lyon
 . fr / []muller / trotek / cours / logique / comparateur . html .
 []

<./figures/comparateur.jpg, id=1020, 536.0025pt x 361.35pt>
File: ./figures/comparateur.jpg Graphic file (type jpg)

<use ./figures/comparateur.jpg>
Package pdftex.def Info: ./figures/comparateur.jpg used on input line 1059.
(pdftex.def)             Requested size: 199.1684pt x 85.35835pt.


LaTeX Warning: `!h' float specifier changed to `!ht'.


Underfull \hbox (badness 10000) in paragraph at lines 1071--1071
[][][]\OT1/cmr/m/n/8 .[][][]$\OT1/cmtt/m/n/8 http : / / www . mongosukulu . com
 / index . php / en / contenu / genie-[]electrique4 /
 []

[22

 <./figures/tabKarADDSorieReport.jpg> <./figures/tabKarADDSortieSomme.jpg>]
<./figures/circuitMultiplexeur.jpg, id=1034, 510.40688pt x 270.10913pt>
File: ./figures/circuitMultiplexeur.jpg Graphic file (type jpg)

<use ./figures/circuitMultiplexeur.jpg>
Package pdftex.def Info: ./figures/circuitMultiplexeur.jpg used on input line 1
077.
(pdftex.def)             Requested size: 199.1747pt x 85.35684pt.

Underfull \hbox (badness 10000) in paragraph at lines 1106--1106
[][][]\OT1/cmr/m/n/8 .[][][]$\OT1/cmtt/m/n/8 http : / / www . mongosukulu . com
 / index . php / en / contenu / genie-[]electrique4 /
 []


Overfull \hbox (2.47606pt too wide) in paragraph at lines 1106--1107
\OT1/cmr/m/n/10 sieurs voies les in-for-ma-tion pro-ve-nant d'une seule source 
: C'est l'op^^Seration
 []

[23 <./figures/comparateur.jpg> <./figures/circuitMultiplexeur.jpg (PNG copy)>]
<./figures/demultiplexeur.jpg, id=1049, 337.26pt x 294.09875pt>
File: ./figures/demultiplexeur.jpg Graphic file (type jpg)

<use ./figures/demultiplexeur.jpg>
Package pdftex.def Info: ./figures/demultiplexeur.jpg used on input line 1114.
(pdftex.def)             Requested size: 199.17207pt x 85.35825pt.

<./figures/ALU.jpg, id=1050, 608.2725pt x 531.9875pt>
File: ./figures/ALU.jpg Graphic file (type jpg)
 <use ./figures/ALU.jpg>
Package pdftex.def Info: ./figures/ALU.jpg used on input line 1135.
(pdftex.def)             Requested size: 199.16197pt x 170.71028pt.

Overfull \hbox (4.86806pt too wide) in paragraph at lines 1144--1145
[]\OT1/cmr/m/n/10 est une com-bi-nai-son bi-naire qui per-met d'in-di-quer ^^Ra
 l'ALU
 []

[24 <./figures/demultiplexeur.jpg> <./figures/ALU.jpg>]
<./figures/horlogeValide.jpg, id=1060, 393.1488pt x 151.2852pt>
File: ./figures/horlogeValide.jpg Graphic file (type jpg)

<use ./figures/horlogeValide.jpg>
Package pdftex.def Info: ./figures/horlogeValide.jpg used on input line 1161.
(pdftex.def)             Requested size: 199.17146pt x 56.90494pt.

<./figures/delaisAdditionneur.jpg, id=1061, 523.2348pt x 294.3798pt>
File: ./figures/delaisAdditionneur.jpg Graphic file (type jpg)

<use ./figures/delaisAdditionneur.jpg>
Package pdftex.def Info: ./figures/delaisAdditionneur.jpg used on input line 11
74.
(pdftex.def)             Requested size: 199.17459pt x 113.81046pt.
 [25

 <./figures/horlogeValide.jpg> <./figures/delaisAdditionneur.jpg>]
Overfull \hbox (0.91205pt too wide) in paragraph at lines 1205--1207
[]\OT1/cmr/m/n/10 sont des au-to-mates pour les-quels les sor-ties sont
 []

<./figures/autoMoore.jpg, id=1072, 937.5025pt x 214.8025pt>
File: ./figures/autoMoore.jpg Graphic file (type jpg)

<use ./figures/autoMoore.jpg>
Package pdftex.def Info: ./figures/autoMoore.jpg used on input line 1215.
(pdftex.def)             Requested size: 170.70297pt x 85.359pt.

<./figures/autoMealy.jpg, id=1073, 695.59875pt x 264.99pt>
File: ./figures/autoMealy.jpg Graphic file (type jpg)

<use ./figures/autoMealy.jpg>
Package pdftex.def Info: ./figures/autoMealy.jpg used on input line 1215.
(pdftex.def)             Requested size: 170.71507pt x 85.35652pt.

Overfull \hbox (21.61803pt too wide) in paragraph at lines 1211--1218
 [][] 
 []

[26 <./figures/autoMoore.jpg> <./figures/autoMealy.jpg>]
Underfull \hbox (badness 10000) in paragraph at lines 1231--1231
[][][]\OT1/cmr/m/n/8 .[][][]$\OT1/cmtt/m/n/8 http : / / philippe . berger2 . fr
ee . fr / automatique / tp / 1 _ TP01 _ lbe / notions _ de _
 []

<./figures/bistableRS.jpg, id=1086, 251.94125pt x 179.67125pt>
File: ./figures/bistableRS.jpg Graphic file (type jpg)

<use ./figures/bistableRS.jpg>
Package pdftex.def Info: ./figures/bistableRS.jpg used on input line 1239.
(pdftex.def)             Requested size: 142.26248pt x 59.74953pt.

Overfull \vbox (3.34956pt too high) detected at line 1239
 []

<./figures/basculeRST.jpg, id=1087, 392.46625pt x 286.06876pt>
File: ./figures/basculeRST.jpg Graphic file (type jpg)

<use ./figures/basculeRST.jpg>
Package pdftex.def Info: ./figures/basculeRST.jpg used on input line 1261.
(pdftex.def)             Requested size: 142.26385pt x 59.74883pt.
 [27

 <./figures/bistableRS.jpg> <./figures/basculeRST.jpg>] <./figures/delay.jpg, i
d=1098, 236.885pt x 186.6975pt>
File: ./figures/delay.jpg Graphic file (type jpg)

<use ./figures/delay.jpg>
Package pdftex.def Info: ./figures/delay.jpg used on input line 1288.
(pdftex.def)             Requested size: 56.90416pt x 56.90419pt.

Underfull \hbox (badness 10000) in paragraph at lines 1309--1312

 []

[28

 <./figures/delay.jpg>]
<./figures/composantDeBase.jpg, id=1105, 481.8pt x 425.59pt>
File: ./figures/composantDeBase.jpg Graphic file (type jpg)

<use ./figures/composantDeBase.jpg>
Package pdftex.def Info: ./figures/composantDeBase.jpg used on input line 1335.

(pdftex.def)             Requested size: 192.71658pt x 170.23297pt.

<./figures/structureInterneProc.jpg, id=1106, 1148.29pt x 455.7025pt>
File: ./figures/structureInterneProc.jpg Graphic file (type jpg)

<use ./figures/structureInterneProc.jpg>
Package pdftex.def Info: ./figures/structureInterneProc.jpg used on input line 
1348.
(pdftex.def)             Requested size: 344.48965pt x 136.71179pt.

Overfull \hbox (12.28964pt too wide) in paragraph at lines 1346--1351
 [] 
 []

[29

 <./figures/composantDeBase.jpg> <./figures/structureInterneProc.jpg>]
Overfull \hbox (6.45267pt too wide) in paragraph at lines 1359--1360
[]\OT1/cmr/m/n/10 est l'en-semble des connec-tions qui per-mettent d'^^Sechange
r
 []


Overfull \hbox (1.98734pt too wide) in paragraph at lines 1360--1361
[]\OT1/cmr/m/n/10 est l'en-semble des connec-tions des si-gnaux de contr^ole :
 []

<./figures/harvard.jpg, id=1116, 562.1pt x 464.73625pt>
File: ./figures/harvard.jpg Graphic file (type jpg)

<use ./figures/harvard.jpg>
Package pdftex.def Info: ./figures/harvard.jpg used on input line 1405.
(pdftex.def)             Requested size: 199.16522pt x 128.03333pt.

<./figures/vonNeumann.jpg, id=1117, 611.28375pt x 285.065pt>
File: ./figures/vonNeumann.jpg Graphic file (type jpg)

<use ./figures/vonNeumann.jpg>
Package pdftex.def Info: ./figures/vonNeumann.jpg used on input line 1405.
(pdftex.def)             Requested size: 199.16855pt x 128.03447pt.

Overfull \hbox (78.53375pt too wide) in paragraph at lines 1400--1408
 [][] 
 []


LaTeX Warning: `!h' float specifier changed to `!ht'.

[30]
Overfull \hbox (0.58374pt too wide) in paragraph at lines 1419--1420
[]\OT1/cmr/m/n/10 M^^Semorise sur le bus d'adesses l'adresse m^^Semoire ^^Ra la
-quelle on veut acc^^Seder 
 []


Underfull \hbox (badness 10000) in paragraph at lines 1434--1435

 []


Underfull \hbox (badness 10000) in paragraph at lines 1436--1437

 []


Overfull \hbox (23.20308pt too wide) in paragraph at lines 1441--1442
[]\OT1/cmr/m/it/10 Registre d'entr^^See\OT1/cmr/m/n/10 , en ^^Secriture seule :
 le CPU en-voie des donn^^Sees au p^^Seriph^^Serique. 
 []


Underfull \hbox (badness 10000) in paragraph at lines 1444--1445

 []

[31 <./figures/harvard.jpg> <./figures/vonNeumann.jpg>]
Overfull \hbox (2.11765pt too wide) in paragraph at lines 1446--1447
[]\OT1/cmr/m/n/10 En ^^Secriture seule : \OT1/cmr/m/it/10 re-gistre de com-mand
e \OT1/cmr/m/n/10 : le CPU confi-gure le p^^Seriph^^Serique
 []


Overfull \hbox (0.25601pt too wide) in paragraph at lines 1461--1462
\OT1/cmr/m/n/10 (Exemple : lE Z80 : bus d'adresse 16 bits avec 65535 adresses m
^^Semoires
 []

[32] <./figures/cycleMachineCPU.jpg, id=1134, 486.81876pt x 292.09125pt>
File: ./figures/cycleMachineCPU.jpg Graphic file (type jpg)

<use ./figures/cycleMachineCPU.jpg>
Package pdftex.def Info: ./figures/cycleMachineCPU.jpg used on input line 1520.

(pdftex.def)             Requested size: 199.16614pt x 113.8126pt.

<./figures/systemeInfo.jpg, id=1135, 430.60875pt x 220.825pt>
File: ./figures/systemeInfo.jpg Graphic file (type jpg)

<use ./figures/systemeInfo.jpg>
Package pdftex.def Info: ./figures/systemeInfo.jpg used on input line 1536.
(pdftex.def)             Requested size: 199.17313pt x 113.81206pt.
 [33 <./figures/cycleMachineCPU.jpg> <./figures/systemeInfo.jpg>] [34

]
<./figures/tailleInstruction.jpg, id=1148, 453.695pt x 275.0275pt>
File: ./figures/tailleInstruction.jpg Graphic file (type jpg)

<use ./figures/tailleInstruction.jpg>
Package pdftex.def Info: ./figures/tailleInstruction.jpg used on input line 161
2.
(pdftex.def)             Requested size: 272.2191pt x 165.01776pt.
 [35 <./figures/tailleInstruction.jpg>]
Overfull \hbox (0.7516pt too wide) in paragraph at lines 1666--1667
[]\OT1/cmr/m/n/10 Coeur du pro-ces-seur plus simple (fr^^Sequence d'hor-loge pl
us ^^Selev^^See, consom-
 []

[36

]
Overfull \hbox (1.28162pt too wide) in paragraph at lines 1676--1677
[]\OT1/cmr/m/n/10 Architecture load-store : toutes les va-leurs pour une op^^Se
rations doivent
 []


Overfull \hbox (24.12462pt too wide) in paragraph at lines 1680--1681
\OT1/cmr/m/n/10 Exemples d'ar-chi-tec-ture RISC : po-werpc 601,603,G3,G4,G5 (IB
M/-Mo-to-ro-la/Appple),
 []

<./figures/pipelineRISC.jpg, id=1168, 461.725pt x 293.095pt>
File: ./figures/pipelineRISC.jpg Graphic file (type jpg)

<use ./figures/pipelineRISC.jpg>
Package pdftex.def Info: ./figures/pipelineRISC.jpg used on input line 1717.
(pdftex.def)             Requested size: 230.86194pt x 146.54713pt.


LaTeX Warning: `!h' float specifier changed to `!ht'.

[37] [38 <./figures/pipelineRISC.jpg>]
<./figures/thread.jpg, id=1194, 450.68375pt x 269.005pt>
File: ./figures/thread.jpg Graphic file (type jpg)

<use ./figures/thread.jpg>
Package pdftex.def Info: ./figures/thread.jpg used on input line 1757.
(pdftex.def)             Requested size: 227.62444pt x 170.71776pt.

<./figures/multithreading.jpg, id=1197, 471.7625pt x 346.29375pt>
File: ./figures/multithreading.jpg Graphic file (type jpg)

<use ./figures/multithreading.jpg>
Package pdftex.def Info: ./figures/multithreading.jpg used on input line 1776.
(pdftex.def)             Requested size: 227.62398pt x 170.72108pt.


LaTeX Warning: `!h' float specifier changed to `!ht'.

[39

 <./figures/thread.jpg>] [40 <./figures/multithreading.jpg>]
Overfull \hbox (119.36795pt too wide) in paragraph at lines 1828--1845
 [] 
 []

[41

]
Overfull \hbox (1.87022pt too wide) in paragraph at lines 1880--1881
[]\OT1/cmr/m/n/10 Les \OT1/cmr/m/it/10 n \OT1/cmr/m/n/10 bits de donn^^Sees son
t trans-mis \OT1/cmr/bx/n/10 en m^eme temps \OT1/cmr/m/n/10 sur les \OT1/cmr/m/
it/10 n \OT1/cmr/m/n/10 connexions 
 []


Underfull \hbox (badness 10000) in paragraph at lines 1891--1892

 []


Overfull \hbox (8.61273pt too wide) in paragraph at lines 1907--1908
[]\OT1/cmr/m/n/10 M^^Sethode de syn-chro-ni-sa-tion entre si-gnaux de contr^ole
s, donn^^Sees et adresses. 
 []

[42] <./figures/topo.jpg, id=1230, 582.175pt x 461.725pt>
File: ./figures/topo.jpg Graphic file (type jpg)

<use ./figures/topo.jpg>
Package pdftex.def Info: ./figures/topo.jpg used on input line 1955.
(pdftex.def)             Requested size: 199.16277pt x 113.81053pt.
 [43 <./figures/topo.jpg>]
Overfull \hbox (3.50395pt too wide) in paragraph at lines 2015--2016
[]\OT1/cmr/m/n/10 Exempe : PII (100 MHz, 64 bits) $\OMS/cmsy/m/n/10 !$ \OT1/cmr
/m/n/10 100 Mhz*64*1 =6400 Mbits/s=
 []

<./figures/BUS.jpg, id=1239, 415.5525pt x 340.27126pt>
File: ./figures/BUS.jpg Graphic file (type jpg)
 <use ./figures/BUS.jpg>
Package pdftex.def Info: ./figures/BUS.jpg used on input line 2030.
(pdftex.def)             Requested size: 170.71368pt x 142.26393pt.

Overfull \hbox (27.94508pt too wide) in paragraph at lines 2025--2036
[]\OT1/cmr/m/n/10 Les bus per-mettent aussi d'in-ter-fa-cer le pro-ces-seur ver
s le [] monde ext^^Serieur [] gr^ace
 []


LaTeX Warning: `!h' float specifier changed to `!ht'.


Overfull \hbox (2.08376pt too wide) in paragraph at lines 2041--2042
\OT1/cmr/m/n/10 term^^Sediaire situ^^Se entre le bus pro-ces-seur (Nor-th-Bridg
e) et le bus d'entr^^Sees-
 []

[44]
Overfull \hbox (8.53296pt too wide) in paragraph at lines 2062--2063
[]
 []

[45 <./figures/BUS.jpg>]
Overfull \hbox (3.4014pt too wide) in paragraph at lines 2077--2077
[]\OT1/cmr/bx/n/12 Architecture g^^Sen^^Serale d'un contr^oleur de p^^Seriph^^S
eriques 
 []

<./figures/ArchitectureGener.jpg, id=1260, 579.16376pt x 334.24875pt>
File: ./figures/ArchitectureGener.jpg Graphic file (type jpg)

<use ./figures/ArchitectureGener.jpg>
Package pdftex.def Info: ./figures/ArchitectureGener.jpg used on input line 208
3.
(pdftex.def)             Requested size: 227.62274pt x 142.26549pt.
 [46

 <./figures/ArchitectureGener.jpg>]
Overfull \hbox (11.862pt too wide) in paragraph at lines 2154--2155
\OT1/cmr/m/n/10 qui ras-semble les si-gnaux d'in-ter-rup-tions de di-vers ^^Sel
^^Sements p^^Seriph^^Seriques.[][][] 
 []

[47]
Overfull \hbox (6.92938pt too wide) in paragraph at lines 2164--2165
[]\OT1/cmr/bx/n/10 Exemples d'uti-li-sa-tion : \OT1/cmr/m/n/10 Grands trans-fer
ts de donn^^Sees (HDD, CD, DVD,...). 
 []

<./figures/DMA.jpg, id=1290, 434.62375pt x 257.96375pt>
File: ./figures/DMA.jpg Graphic file (type jpg)

<use ./figures/DMA.jpg>
Package pdftex.def Info: ./figures/DMA.jpg used on input line 2173.
(pdftex.def)             Requested size: 227.62381pt x 113.81142pt.
 [48 <./figures/DMA.jpg>]
Overfull \hbox (0.38939pt too wide) in paragraph at lines 2211--2212
\OT1/cmr/m/n/10 int^^Segr^^Se pr^^Seprogramm^^Se per-met-tant de g^^Serer les f
lux de donn^^Sees num^^Seriques
 []

[49] <./figures/niveauMem.jpg, id=1305, 737.75626pt x 347.2975pt>
File: ./figures/niveauMem.jpg Graphic file (type jpg)

<use ./figures/niveauMem.jpg>
Package pdftex.def Info: ./figures/niveauMem.jpg used on input line 2255.
(pdftex.def)             Requested size: 284.52672pt x 142.2657pt.

Overfull \hbox (8.23709pt too wide) in paragraph at lines 2264--2265
[]\OT1/cmr/m/n/10 est une m^^Semoire non vo-la-tile, c'est-^^Ra-dire une m^^Sem
oire
 []

[50

 <./figures/niveauMem.jpg>] [51] [52]
<./figures/bancmem.jpg, id=1325, 302.12875pt x 133.49875pt>
File: ./figures/bancmem.jpg Graphic file (type jpg)

<use ./figures/bancmem.jpg>
Package pdftex.def Info: ./figures/bancmem.jpg used on input line 2431.
(pdftex.def)             Requested size: 284.52661pt x 85.36148pt.
 [53 <./figures/bancmem.jpg>] [54] [55] [56

]
Overfull \hbox (18.16061pt too wide) in paragraph at lines 2559--2559
[][]\OT1/cmr/bx/n/10 Comment conver-tir un nombre d^^Secimal en-tier n^^Segatif
 en sa repr^^Sesentation
 []


Overfull \hbox (14.62308pt too wide) in paragraph at lines 2574--2574
[][]\OT1/cmr/bx/n/10 Expliquez le probl^^Reme de la repr^^Sesentation des nombr
es bi-naires n^^Segatifs.
 []


Overfull \hbox (24.38412pt too wide) in paragraph at lines 2583--2583
[][]\OT1/cmr/bx/n/10 Principe de la repr^^Sesentation des nombres en d^^Secimal
/binaire/hexadecimal 
 []

[57]
Overfull \hbox (8.72296pt too wide) in paragraph at lines 2600--2600
[][]\OT1/cmr/bx/n/10 Expliquez le prin-cipe du co-dage uni-code ; pour-quoi a-t
-il ^^Set^^Se d^^Sevelopp^^Se ? 
 []


Overfull \hbox (0.27846pt too wide) in paragraph at lines 2620--2620
[][]\OT1/cmr/bx/n/10 Qu'est-ce qu'une fonc-tion lo-gique ; ^^Ra l'aide de quoi 
sont-elles r^^Sealis^^Sees ?
 []

[58]
Overfull \hbox (39.46191pt too wide) in paragraph at lines 2623--2623
[][]\OT1/cmr/bx/n/10 R^^Sealisez une porte XNOR ^^Ra par-tir des portes lo-giqu
es de base AND ;OR ;NOT 
 []

[59]
Overfull \hbox (19.78455pt too wide) in paragraph at lines 2657--2657
[][]\OT1/cmr/bx/n/10 Expliquez le sch^^Sema sui-vant ; ^^Ra quoi sert-il ? Mul-
ti-plexeur ; d^^Semultiplexeur 
 []

[60] [61] [62] [63]
Overfull \hbox (2.29953pt too wide) in paragraph at lines 2815--2815
[][]\OT1/cmr/bx/n/10 Comment m^^Semorise-t-on un bit dans une EPROM ? Com-ment 
l'efface-
 []


Overfull \hbox (2.40094pt too wide) in paragraph at lines 2825--2825
[][]\OT1/cmr/bx/n/10 Quelle tech-nique a-t-on uti-lis^^Se pour aug-men-ter les 
d^^Sebits des m^^Semoires
 []

Package atveryend Info: Empty hook `BeforeClearDocument' on input line 2831.
[64] [65]
Package atveryend Info: Empty hook `AfterLastShipout' on input line 2831.
 (./synthese_DO.aux)
Package atveryend Info: Executing hook `AtVeryEndDocument' on input line 2831.
Package atveryend Info: Executing hook `AtEndAfterFileList' on input line 2831.

Package rerunfilecheck Info: File `synthese_DO.out' has not changed.
(rerunfilecheck)             Checksum: 88EDE7425C07EC5D7810F27CEDC2202F;12473.


LaTeX Font Warning: Size substitutions with differences
(Font)              up to 0.49994pt have occurred.

Package atveryend Info: Empty hook `AtVeryVeryEnd' on input line 2831.
 ) 
Here is how much of TeX's memory you used:
 9669 strings out of 494916
 139440 string characters out of 6179762
 230701 words of memory out of 5000000
 12372 multiletter control sequences out of 15000+600000
 14576 words of font info for 54 fonts, out of 8000000 for 9000
 14 hyphenation exceptions out of 8191
 29i,14n,32p,684b,575s stack positions out of 5000i,500n,10000p,200000b,80000s
</usr/share/texlive/texmf-dist/fonts/type1/public/amsfonts/cm/cmbx10.pfb></us
r/share/texlive/texmf-dist/fonts/type1/public/amsfonts/cm/cmbx12.pfb></usr/shar
e/texlive/texmf-dist/fonts/type1/public/amsfonts/cm/cmbx6.pfb></usr/share/texli
ve/texmf-dist/fonts/type1/public/amsfonts/cm/cmbx8.pfb></usr/share/texlive/texm
f-dist/fonts/type1/public/amsfonts/cm/cmbxti10.pfb></usr/share/texlive/texmf-di
st/fonts/type1/public/amsfonts/cm/cmcsc10.pfb></usr/share/texlive/texmf-dist/fo
nts/type1/public/amsfonts/cm/cmmi10.pfb></usr/share/texlive/texmf-dist/fonts/ty
pe1/public/amsfonts/cm/cmmi7.pfb></usr/share/texlive/texmf-dist/fonts/type1/pub
lic/amsfonts/cm/cmr10.pfb></usr/share/texlive/texmf-dist/fonts/type1/public/ams
fonts/cm/cmr12.pfb></usr/share/texlive/texmf-dist/fonts/type1/public/amsfonts/c
m/cmr6.pfb></usr/share/texlive/texmf-dist/fonts/type1/public/amsfonts/cm/cmr7.p
fb></usr/share/texlive/texmf-dist/fonts/type1/public/amsfonts/cm/cmr8.pfb></usr
/share/texlive/texmf-dist/fonts/type1/public/amsfonts/cm/cmsy10.pfb></usr/share
/texlive/texmf-dist/fonts/type1/public/amsfonts/cm/cmsy5.pfb></usr/share/texliv
e/texmf-dist/fonts/type1/public/amsfonts/cm/cmsy7.pfb></usr/share/texlive/texmf
-dist/fonts/type1/public/amsfonts/cm/cmti10.pfb></usr/share/texlive/texmf-dist/
fonts/type1/public/amsfonts/cm/cmti12.pfb></usr/share/texlive/texmf-dist/fonts/
type1/public/amsfonts/cm/cmti7.pfb></usr/share/texlive/texmf-dist/fonts/type1/p
ublic/amsfonts/cm/cmtt8.pfb>
Output written on synthese_DO.pdf (66 pages, 1733217 bytes).
PDF statistics:
 1880 PDF objects out of 2073 (max. 8388607)
 1676 compressed objects within 17 object streams
 431 named destinations out of 1000 (max. 500000)
 1523 words of extra memory for PDF output out of 10000 (max. 10000000)

